[2026-02-22 00:59:36] === Trading Cycle Start ===
[2026-02-22 00:59:36] Collecting trading context...
=== ETH Trading Context Collector ===
Fetching ETH price...
  ETH price: $1974.25
Fetching 1H candles...
  Got 201 1H candles
Fetching 5m candles...
  Got 121 5m candles
Fetching Daily candles...
  Got 31 Daily candles
Computing indicators...
  1H indicators: ['sma_7', 'sma_25', 'sma_99', 'ema_12', 'ema_26']...
  5m indicators: ['ema_12', 'ema_26', 'rsi_14', 'volume_ratio']
  Daily indicators: ['sma_20', 'sma_50', 'rsi_14']
Getting position and balance...
  Position: None
  Balance: {'equity': 0.0, 'available': 0.0, 'unrealized_pnl': 0.0, 'wallet_balance': 0.0}
  Open orders: 0
Reading market data...
  Market data keys: ['timestamp', 'liquidations', 'options', 'btc_eth', 'dex_volume']...
Reading on-chain data...
  On-chain data keys: ['timestamp', 'block_range', 'stablecoin_exchange_flows', 'whale_transfers', 'gas']...
Reading protocol data...
  Protocol data keys: ['timestamp', 'block', 'aave', 'curve_3pool', 'uniswap']...
Reading news...
  Headlines: ['Political Risk as Tradable Asset', 'Trump Announces 10% Global Tariff', 'SCOTUS Strikes Down Tariffs – Alternative Plans Brewing']
Reading trade history...
  Recent trades: 0
  Trade streak: {'streak': 0, 'direction': 'none', 'recent_pnl': 0.0}
Written to /home/openclaw/.openclaw/workspace/projects/eth-engine/data/trading-context.json
Written to /home/openclaw/.openclaw/workspace/projects/eth-engine/data/position-state.json
=== Collection Complete ===
[2026-02-22 00:59:41] Brain prompt written to /home/openclaw/.openclaw/workspace/projects/eth-engine/data/brain-prompt.md
[2026-02-22 00:59:41] === Data Collection Complete, Ready for Brain ===
[2026-02-22 01:03:02] === Trading Cycle Start ===
[2026-02-22 01:03:02] Collecting trading context...
=== ETH Trading Context Collector ===
Fetching ETH price...
  ETH price: $1974.95
Fetching 1H candles...
  Got 201 1H candles
Fetching 5m candles...
  Got 121 5m candles
Fetching Daily candles...
  Got 31 Daily candles
Computing indicators...
  1H indicators: ['sma_7', 'sma_25', 'sma_99', 'ema_12', 'ema_26']...
  5m indicators: ['ema_12', 'ema_26', 'rsi_14', 'volume_ratio']
  Daily indicators: ['sma_20', 'sma_50', 'rsi_14']
Getting position and balance...
  Position: None
  Balance: {'equity': 0.0, 'available': 0.0, 'unrealized_pnl': 0.0, 'wallet_balance': 0.0}
  Open orders: 0
Reading market data...
  Market data keys: ['timestamp', 'liquidations', 'options', 'btc_eth', 'dex_volume']...
Reading on-chain data...
  On-chain data keys: ['timestamp', 'block_range', 'stablecoin_exchange_flows', 'whale_transfers', 'gas']...
Reading protocol data...
  Protocol data keys: ['timestamp', 'block', 'aave', 'curve_3pool', 'uniswap']...
Reading news...
  Headlines: ['Political Risk as Tradable Asset', 'Trump Announces 10% Global Tariff', 'SCOTUS Strikes Down Tariffs – Alternative Plans Brewing']
Reading trade history...
  Recent trades: 0
  Trade streak: {'streak': 0, 'direction': 'none', 'recent_pnl': 0.0}
Written to /home/openclaw/.openclaw/workspace/projects/eth-engine/data/trading-context.json
Written to /home/openclaw/.openclaw/workspace/projects/eth-engine/data/position-state.json
=== Collection Complete ===
[2026-02-22 01:03:07] Brain prompt written to /home/openclaw/.openclaw/workspace/projects/eth-engine/data/brain-prompt.md
[2026-02-22 01:03:07] === Data Collection Complete, Ready for Brain ===
[2026-02-22 01:10:16] === Trading Cycle Start ===
[2026-02-22 01:10:16] Collecting trading context...
=== ETH Trading Context Collector ===
Fetching ETH price...
  ETH price: $1975.55
Fetching 1H candles...
  Got 201 1H candles
Fetching 5m candles...
  Got 121 5m candles
Fetching Daily candles...
  Got 31 Daily candles
Computing indicators...
  1H indicators: ['sma_7', 'sma_25', 'sma_99', 'ema_12', 'ema_26']...
  5m indicators: ['ema_12', 'ema_26', 'rsi_14', 'volume_ratio']
  Daily indicators: ['sma_20', 'sma_50', 'rsi_14']
Getting position and balance...
  Spot USDC: 26.260019
  Position: None
  Balance: {'equity': 26.260019, 'available': 26.260019, 'unrealized_pnl': 0.0, 'wallet_balance': 26.260019, 'spot_usdc': 26.260019, 'perp_equity': 0.0}
  Open orders: 0
Reading market data...
  Market data keys: ['timestamp', 'liquidations', 'options', 'btc_eth', 'dex_volume']...
Reading on-chain data...
  On-chain data keys: ['timestamp', 'block_range', 'stablecoin_exchange_flows', 'whale_transfers', 'gas']...
Reading protocol data...
  Protocol data keys: ['timestamp', 'block', 'aave', 'curve_3pool', 'uniswap']...
Reading news...
  Headlines: ['Political Risk as Tradable Asset', 'Trump Announces 10% Global Tariff', 'SCOTUS Strikes Down Tariffs – Alternative Plans Brewing']
Reading trade history...
  Recent trades: 1
  Trade streak: {'streak': 0, 'direction': 'none', 'recent_pnl': 0}
Written to /home/openclaw/.openclaw/workspace/projects/eth-engine/data/trading-context.json
Written to /home/openclaw/.openclaw/workspace/projects/eth-engine/data/position-state.json
=== Collection Complete ===
[2026-02-22 01:10:20] Brain prompt written to /home/openclaw/.openclaw/workspace/projects/eth-engine/data/brain-prompt.md
[2026-02-22 01:10:20] === Data Collection Complete, Ready for Brain ===
[2026-02-22 01:15:11] === Trading Cycle Start ===
[2026-02-22 01:15:11] Collecting trading context...
=== ETH Trading Context Collector ===
Fetching ETH price...
  ETH price: $1975.45
Fetching 1H candles...
  Got 201 1H candles
Fetching 5m candles...
  Got 121 5m candles
Fetching Daily candles...
  Got 31 Daily candles
Computing indicators...
  1H indicators: ['sma_7', 'sma_25', 'sma_99', 'ema_12', 'ema_26']...
  5m indicators: ['ema_12', 'ema_26', 'rsi_14', 'volume_ratio']
  Daily indicators: ['sma_20', 'sma_50', 'rsi_14']
Getting position and balance...
  Spot USDC: 26.260019
  Position: None
  Balance: {'equity': 26.260019, 'available': 26.260019, 'unrealized_pnl': 0.0, 'wallet_balance': 26.260019, 'spot_usdc': 26.260019, 'perp_equity': 0.0}
  Open orders: 0
Reading market data...
  Market data keys: ['timestamp', 'liquidations', 'options', 'btc_eth', 'dex_volume']...
Reading on-chain data...
  On-chain data keys: ['timestamp', 'block_range', 'stablecoin_exchange_flows', 'whale_transfers', 'gas']...
Reading protocol data...
  Protocol data keys: ['timestamp', 'block', 'aave', 'curve_3pool', 'uniswap']...
Reading news...
  Headlines: ['Political Risk as Tradable Asset', 'Trump Announces 10% Global Tariff', 'SCOTUS Strikes Down Tariffs – Alternative Plans Brewing']
Reading trade history...
  Recent trades: 2
  Trade streak: {'streak': 0, 'direction': 'none', 'recent_pnl': 0}
Written to /home/openclaw/.openclaw/workspace/projects/eth-engine/data/trading-context.json
Written to /home/openclaw/.openclaw/workspace/projects/eth-engine/data/position-state.json
=== Collection Complete ===
[2026-02-22 01:15:17] Brain prompt written to /home/openclaw/.openclaw/workspace/projects/eth-engine/data/brain-prompt.md
[2026-02-22 01:15:17] === Data Collection Complete, Ready for Brain ===
[2026-02-22 01:27:20] === Trading Cycle Start ===
[2026-02-22 01:27:20] Collecting trading context...
=== ETH Trading Context Collector ===
Fetching ETH price...
  ETH price: $1974.95
Fetching 1H candles...
  Got 201 1H candles
Fetching 5m candles...
  Got 121 5m candles
Fetching Daily candles...
  Got 31 Daily candles
Computing indicators...
  1H indicators: ['sma_7', 'sma_25', 'sma_99', 'ema_12', 'ema_26']...
  5m indicators: ['ema_12', 'ema_26', 'rsi_14', 'volume_ratio']
  Daily indicators: ['sma_20', 'sma_50', 'rsi_14']
Getting position and balance...
  Spot USDC: 26.260019
  Position: None
  Balance: {'equity': 26.260019, 'available': 26.260019, 'unrealized_pnl': 0.0, 'wallet_balance': 26.260019, 'spot_usdc': 26.260019, 'perp_equity': 0.0}
  Open orders: 0
Reading market data...
  Market data keys: ['timestamp', 'liquidations', 'options', 'btc_eth', 'dex_volume']...
Reading on-chain data...
  On-chain data keys: ['timestamp', 'block_range', 'stablecoin_exchange_flows', 'whale_transfers', 'gas']...
Reading protocol data...
  Protocol data keys: ['timestamp', 'block', 'aave', 'curve_3pool', 'uniswap']...
Reading news...
  Headlines: ['Political Risk as Tradable Asset', 'Yen Carry Trade Unwind Fuels Bitcoin Sell-Off', 'Trump Announces 10% Global Tariff']
Reading trade history...
  Recent trades: 3
  Trade streak: {'streak': 0, 'direction': 'none', 'recent_pnl': 0}
Written to /home/openclaw/.openclaw/workspace/projects/eth-engine/data/trading-context.json
Written to /home/openclaw/.openclaw/workspace/projects/eth-engine/data/position-state.json
=== Collection Complete ===
[2026-02-22 01:27:25] Brain prompt written to /home/openclaw/.openclaw/workspace/projects/eth-engine/data/brain-prompt.md
[2026-02-22 01:27:25] === Data Collection Complete, Ready for Brain ===
[2026-02-22 01:27:25] Decision received from brain
[2026-02-22 01:27:25] Converting decision to NOFX format...
============================================================
push-to-nofx.py - Converting MiniMax decision to NOFX format
============================================================

[1] Loading decision from /home/openclaw/.openclaw/workspace/projects/eth-engine/data/decision.json...
    Strategy: open_long
    Direction: long
    Size: $15
    Confidence: 60%

[2] Converting to hourly-plan.json format...
    Active coin: ETH
    Action: open_long
    Valid until: 2026-02-22T07:27:25.200309+00:00

[3] Converting to hourly-instruction.md...
    Instruction length: 1021 chars

[4] Writing files to host directory: /home/openclaw/.openclaw/workspace/projects/nofx-project/nofx/data/arena
    ✓ /home/openclaw/.openclaw/workspace/projects/nofx-project/nofx/data/arena/hourly-plan.json
    ✓ /home/openclaw/.openclaw/workspace/projects/nofx-project/nofx/data/arena/hourly-instruction.md

[5] Copying files to Docker container (nofx-trading)...
    ✓ Copied to Docker: /app/data/arena/hourly-plan.json
    ✓ Copied to Docker: /app/data/arena/hourly-instruction.md

============================================================
✓ Conversion complete!
============================================================

Files created:
  - /home/openclaw/.openclaw/workspace/projects/nofx-project/nofx/data/arena/hourly-plan.json
  - /home/openclaw/.openclaw/workspace/projects/nofx-project/nofx/data/arena/hourly-instruction.md

Next: Fao will read these files and execute the trade.
[2026-02-22 01:27:25] === Trading Cycle Complete ===
[2026-02-22 01:27:25] Fao will now pick up the instructions and execute the trade.
[2026-02-22 01:27:25] Copying hourly-plan.json and hourly-instruction.md to Docker container...
[2026-02-22 01:27:25] Files copied to Docker container.
[2026-02-22 01:27:39] === Trading Cycle Start ===
[2026-02-22 01:27:39] Collecting trading context...
=== ETH Trading Context Collector ===
Fetching ETH price...
  ETH price: $1976.95
Fetching 1H candles...
  Got 201 1H candles
Fetching 5m candles...
  Got 121 5m candles
Fetching Daily candles...
  Got 31 Daily candles
Computing indicators...
  1H indicators: ['sma_7', 'sma_25', 'sma_99', 'ema_12', 'ema_26']...
  5m indicators: ['ema_12', 'ema_26', 'rsi_14', 'volume_ratio']
  Daily indicators: ['sma_20', 'sma_50', 'rsi_14']
Getting position and balance...
  Spot USDC: 26.260019
  Position: None
  Balance: {'equity': 26.260019, 'available': 26.260019, 'unrealized_pnl': 0.0, 'wallet_balance': 26.260019, 'spot_usdc': 26.260019, 'perp_equity': 0.0}
  Open orders: 0
Reading market data...
  Market data keys: ['timestamp', 'liquidations', 'options', 'btc_eth', 'dex_volume']...
Reading on-chain data...
  On-chain data keys: ['timestamp', 'block_range', 'stablecoin_exchange_flows', 'whale_transfers', 'gas']...
Reading protocol data...
  Protocol data keys: ['timestamp', 'block', 'aave', 'curve_3pool', 'uniswap']...
Reading news...
  Headlines: ['Political Risk as Tradable Asset', 'Yen Carry Trade Unwind Fuels Bitcoin Sell-Off', 'Trump Announces 10% Global Tariff']
Reading trade history...
  Recent trades: 3
  Trade streak: {'streak': 0, 'direction': 'none', 'recent_pnl': 0}
Written to /home/openclaw/.openclaw/workspace/projects/eth-engine/data/trading-context.json
Written to /home/openclaw/.openclaw/workspace/projects/eth-engine/data/position-state.json
=== Collection Complete ===
[2026-02-22 01:27:44] Brain prompt written to /home/openclaw/.openclaw/workspace/projects/eth-engine/data/brain-prompt.md
[2026-02-22 01:27:44] === Data Collection Complete, Ready for Brain ===
[2026-02-22 01:27:44] Decision received from brain
[2026-02-22 01:27:44] Converting decision to NOFX format...
============================================================
push-to-nofx.py - Converting MiniMax decision to NOFX format
============================================================

[1] Loading decision from /home/openclaw/.openclaw/workspace/projects/eth-engine/data/decision.json...
    Strategy: open_long
    Direction: long
    Size: $15
    Confidence: 60%

[2] Converting to hourly-plan.json format...
    Active coin: ETH
    Action: open_long
    Valid until: 2026-02-22T07:27:44.080359+00:00

[3] Converting to hourly-instruction.md...
    Instruction length: 1021 chars

[4] Writing files to host directory: /home/openclaw/.openclaw/workspace/projects/nofx-project/nofx/data/arena
    ✓ /home/openclaw/.openclaw/workspace/projects/nofx-project/nofx/data/arena/hourly-plan.json
    ✓ /home/openclaw/.openclaw/workspace/projects/nofx-project/nofx/data/arena/hourly-instruction.md

[5] Copying files to Docker container (nofx-trading)...
    ✓ Copied to Docker: /app/data/arena/hourly-plan.json
    ✓ Copied to Docker: /app/data/arena/hourly-instruction.md

============================================================
✓ Conversion complete!
============================================================

Files created:
  - /home/openclaw/.openclaw/workspace/projects/nofx-project/nofx/data/arena/hourly-plan.json
  - /home/openclaw/.openclaw/workspace/projects/nofx-project/nofx/data/arena/hourly-instruction.md

Next: Fao will read these files and execute the trade.
[2026-02-22 01:27:44] === Trading Cycle Complete ===
[2026-02-22 01:27:44] Fao will now pick up the instructions and execute the trade.
[2026-02-22 01:27:44] Copying hourly-plan.json and hourly-instruction.md to Docker container...
[2026-02-22 01:27:44] Files copied to Docker container.
[2026-02-22 02:01:00] === Trading Cycle Start ===
[2026-02-22 02:01:00] Collecting trading context...
=== ETH Trading Context Collector ===
Fetching ETH price...
  ETH price: $1975.15
Fetching 1H candles...
  Got 201 1H candles
Fetching 5m candles...
  Got 121 5m candles
Fetching Daily candles...
  Got 31 Daily candles
Computing indicators...
  1H indicators: ['sma_7', 'sma_25', 'sma_99', 'ema_12', 'ema_26']...
  5m indicators: ['ema_12', 'ema_26', 'rsi_14', 'volume_ratio']
  Daily indicators: ['sma_20', 'sma_50', 'rsi_14']
Getting position and balance...
  Spot USDC: 26.260019
  Position: None
  Balance: {'equity': 26.260019, 'available': 26.260019, 'unrealized_pnl': 0.0, 'wallet_balance': 26.260019, 'spot_usdc': 26.260019, 'perp_equity': 0.0}
  Open orders: 0
Reading market data...
  Market data keys: ['timestamp', 'liquidations', 'options', 'btc_eth', 'dex_volume']...
Reading on-chain data...
  On-chain data keys: ['timestamp', 'block_range', 'stablecoin_exchange_flows', 'whale_transfers', 'gas']...
Reading protocol data...
  Protocol data keys: ['timestamp', 'block', 'aave', 'curve_3pool', 'uniswap']...
Reading news...
  Headlines: ['Political Risk as Tradable Asset', 'Yen Carry Trade Unwind Fuels Bitcoin Sell-Off', 'Trump Announces 10% Global Tariff']
Reading trade history...
  Recent trades: 3
  Trade streak: {'streak': 0, 'direction': 'none', 'recent_pnl': 0}
Written to /home/openclaw/.openclaw/workspace/projects/eth-engine/data/trading-context.json
Written to /home/openclaw/.openclaw/workspace/projects/eth-engine/data/position-state.json
=== Collection Complete ===
[2026-02-22 02:01:05] Brain prompt written to /home/openclaw/.openclaw/workspace/projects/eth-engine/data/brain-prompt.md
[2026-02-22 02:01:05] === Data Collection Complete, Ready for Brain ===
[2026-02-22 02:01:05] Decision received from brain
[2026-02-22 02:01:05] Converting decision to NOFX format...
============================================================
push-to-nofx.py - Converting MiniMax decision to NOFX format
============================================================

[1] Loading decision from /home/openclaw/.openclaw/workspace/projects/eth-engine/data/decision.json...
    Strategy: open_long
    Direction: long
    Size: $15
    Confidence: 60%

[2] Converting to hourly-plan.json format...
    Active coin: ETH
    Action: open_long
    Valid until: 2026-02-22T08:01:05.746068+00:00

[3] Converting to hourly-instruction.md...
    Instruction length: 1021 chars

[4] Writing files to host directory: /home/openclaw/.openclaw/workspace/projects/nofx-project/nofx/data/arena
    ✓ /home/openclaw/.openclaw/workspace/projects/nofx-project/nofx/data/arena/hourly-plan.json
    ✓ /home/openclaw/.openclaw/workspace/projects/nofx-project/nofx/data/arena/hourly-instruction.md

[5b] Copying brain decision for API...
    ⚠ Failed to copy brain decision: name 'shutil' is not defined

[6] Copying files to Docker container (nofx-trading)...
    ✓ Copied to Docker: /app/data/arena/hourly-plan.json
    ✓ Copied to Docker: /app/data/arena/hourly-instruction.md
    ✓ Copied to Docker: /app/data/arena/brain-decision.json

============================================================
✓ Conversion complete!
============================================================

Files created:
  - /home/openclaw/.openclaw/workspace/projects/nofx-project/nofx/data/arena/hourly-plan.json
  - /home/openclaw/.openclaw/workspace/projects/nofx-project/nofx/data/arena/hourly-instruction.md

Next: Fao will read these files and execute the trade.
[2026-02-22 02:01:05] === Trading Cycle Complete ===
[2026-02-22 02:01:05] Fao will now pick up the instructions and execute the trade.
[2026-02-22 02:01:05] Copying hourly-plan.json and hourly-instruction.md to Docker container...
[2026-02-22 02:01:05] Files copied to Docker container.
[2026-02-22 03:01:08] === Trading Cycle Start ===
[2026-02-22 03:01:08] Collecting trading context...
=== ETH Trading Context Collector ===
Fetching ETH price...
  ETH price: $1974.85
Fetching 1H candles...
  Got 201 1H candles
Fetching 5m candles...
  Got 121 5m candles
Fetching Daily candles...
  Got 31 Daily candles
Computing indicators...
  1H indicators: ['sma_7', 'sma_25', 'sma_99', 'ema_12', 'ema_26']...
  5m indicators: ['ema_12', 'ema_26', 'rsi_14', 'volume_ratio']
  Daily indicators: ['sma_20', 'sma_50', 'rsi_14']
Getting position and balance...
  Spot USDC: 26.260019
  Position: None
  Balance: {'equity': 26.260019, 'available': 26.260019, 'unrealized_pnl': 0.0, 'wallet_balance': 26.260019, 'spot_usdc': 26.260019, 'perp_equity': 0.0}
  Open orders: 0
Reading market data...
  Market data keys: ['timestamp', 'liquidations', 'options', 'btc_eth', 'dex_volume']...
Reading on-chain data...
  On-chain data keys: ['timestamp', 'block_range', 'stablecoin_exchange_flows', 'whale_transfers', 'gas']...
Reading protocol data...
  Protocol data keys: ['timestamp', 'block', 'aave', 'curve_3pool', 'uniswap']...
Reading news...
  Headlines: ['Political Risk as Tradable Asset', 'Yen Carry Trade Unwind Fuels Bitcoin Sell-Off', 'Trump Announces 10% Global Tariff']
Reading trade history...
  Recent trades: 3
  Trade streak: {'streak': 0, 'direction': 'none', 'recent_pnl': 0}
Written to /home/openclaw/.openclaw/workspace/projects/eth-engine/data/trading-context.json
Written to /home/openclaw/.openclaw/workspace/projects/eth-engine/data/position-state.json
=== Collection Complete ===
[2026-02-22 03:01:12] Brain prompt written to /home/openclaw/.openclaw/workspace/projects/eth-engine/data/brain-prompt.md
[2026-02-22 03:01:12] === Data Collection Complete, Ready for Brain ===
[2026-02-22 03:01:12] Decision received from brain
[2026-02-22 03:01:12] Converting decision to NOFX format...
============================================================
push-to-nofx.py - Converting MiniMax decision to NOFX format
============================================================

[1] Loading decision from /home/openclaw/.openclaw/workspace/projects/eth-engine/data/decision.json...
    Strategy: open_long
    Direction: long
    Size: $15
    Confidence: 60%

[2] Converting to hourly-plan.json format...
    Active coin: ETH
    Action: open_long
    Valid until: 2026-02-22T09:01:12.963743+00:00

[3] Converting to hourly-instruction.md...
    Instruction length: 1021 chars

[4] Writing files to host directory: /home/openclaw/.openclaw/workspace/projects/nofx-project/nofx/data/arena
    ✓ /home/openclaw/.openclaw/workspace/projects/nofx-project/nofx/data/arena/hourly-plan.json
    ✓ /home/openclaw/.openclaw/workspace/projects/nofx-project/nofx/data/arena/hourly-instruction.md

[5b] Copying brain decision for API...
    ⚠ Failed to copy brain decision: name 'shutil' is not defined

[6] Copying files to Docker container (nofx-trading)...
    ✓ Copied to Docker: /app/data/arena/hourly-plan.json
    ✓ Copied to Docker: /app/data/arena/hourly-instruction.md
    ✓ Copied to Docker: /app/data/arena/brain-decision.json

============================================================
✓ Conversion complete!
============================================================

Files created:
  - /home/openclaw/.openclaw/workspace/projects/nofx-project/nofx/data/arena/hourly-plan.json
  - /home/openclaw/.openclaw/workspace/projects/nofx-project/nofx/data/arena/hourly-instruction.md

Next: Fao will read these files and execute the trade.
[2026-02-22 03:01:13] === Trading Cycle Complete ===
[2026-02-22 03:01:13] Fao will now pick up the instructions and execute the trade.
[2026-02-22 03:01:13] Copying hourly-plan.json and hourly-instruction.md to Docker container...
[2026-02-22 03:01:13] Files copied to Docker container.
[2026-02-22 04:01:07] === Trading Cycle Start ===
[2026-02-22 04:01:07] Collecting trading context...
=== ETH Trading Context Collector ===
Fetching ETH price...
  ETH price: $1972.45
Fetching 1H candles...
  Got 201 1H candles
Fetching 5m candles...
  Got 121 5m candles
Fetching Daily candles...
  Got 31 Daily candles
Computing indicators...
  1H indicators: ['sma_7', 'sma_25', 'sma_99', 'ema_12', 'ema_26']...
  5m indicators: ['ema_12', 'ema_26', 'rsi_14', 'volume_ratio']
  Daily indicators: ['sma_20', 'sma_50', 'rsi_14']
Getting position and balance...
  Spot USDC: 26.260019
  Position: None
  Balance: {'equity': 26.260019, 'available': 26.260019, 'unrealized_pnl': 0.0, 'wallet_balance': 26.260019, 'spot_usdc': 26.260019, 'perp_equity': 0.0}
  Open orders: 0
Reading market data...
  Market data keys: ['timestamp', 'liquidations', 'options', 'btc_eth', 'dex_volume']...
Reading on-chain data...
  On-chain data keys: ['timestamp', 'block_range', 'stablecoin_exchange_flows', 'whale_transfers', 'gas']...
Reading protocol data...
  Protocol data keys: ['timestamp', 'block', 'aave', 'curve_3pool', 'uniswap']...
Reading news...
  Headlines: ['Political Risk as Tradable Asset', 'Yen Carry Trade Unwind Fuels Bitcoin Sell-Off', 'Bitdeer Sells All BTC, Zero Holdings']
Reading trade history...
  Recent trades: 3
  Trade streak: {'streak': 0, 'direction': 'none', 'recent_pnl': 0}
Written to /home/openclaw/.openclaw/workspace/projects/eth-engine/data/trading-context.json
Written to /home/openclaw/.openclaw/workspace/projects/eth-engine/data/position-state.json
=== Collection Complete ===
[2026-02-22 04:01:11] Brain prompt written to /home/openclaw/.openclaw/workspace/projects/eth-engine/data/brain-prompt.md
[2026-02-22 04:01:11] === Data Collection Complete, Ready for Brain ===
[2026-02-22 04:01:11] Decision received from brain
[2026-02-22 04:01:11] Converting decision to NOFX format...
============================================================
push-to-nofx.py - Converting MiniMax decision to NOFX format
============================================================

[1] Loading decision from /home/openclaw/.openclaw/workspace/projects/eth-engine/data/decision.json...
    Strategy: open_long
    Direction: long
    Size: $15
    Confidence: 60%

[2] Converting to hourly-plan.json format...
    Active coin: ETH
    Action: open_long
    Valid until: 2026-02-22T10:01:11.921089+00:00

[3] Converting to hourly-instruction.md...
    Instruction length: 1021 chars

[4] Writing files to host directory: /home/openclaw/.openclaw/workspace/projects/nofx-project/nofx/data/arena
    ✓ /home/openclaw/.openclaw/workspace/projects/nofx-project/nofx/data/arena/hourly-plan.json
    ✓ /home/openclaw/.openclaw/workspace/projects/nofx-project/nofx/data/arena/hourly-instruction.md

[5b] Copying brain decision for API...
    ⚠ Failed to copy brain decision: name 'shutil' is not defined

[6] Copying files to Docker container (nofx-trading)...
    ✓ Copied to Docker: /app/data/arena/hourly-plan.json
    ✓ Copied to Docker: /app/data/arena/hourly-instruction.md
    ✓ Copied to Docker: /app/data/arena/brain-decision.json

============================================================
✓ Conversion complete!
============================================================

Files created:
  - /home/openclaw/.openclaw/workspace/projects/nofx-project/nofx/data/arena/hourly-plan.json
  - /home/openclaw/.openclaw/workspace/projects/nofx-project/nofx/data/arena/hourly-instruction.md

Next: Fao will read these files and execute the trade.
[2026-02-22 04:01:12] === Trading Cycle Complete ===
[2026-02-22 04:01:12] Fao will now pick up the instructions and execute the trade.
[2026-02-22 04:01:12] Copying hourly-plan.json and hourly-instruction.md to Docker container...
[2026-02-22 04:01:12] Files copied to Docker container.
[2026-02-22 05:01:09] === Trading Cycle Start ===
[2026-02-22 05:01:09] Collecting trading context...
=== ETH Trading Context Collector ===
Fetching ETH price...
  ETH price: $1975.05
Fetching 1H candles...
  Got 201 1H candles
Fetching 5m candles...
  Got 121 5m candles
Fetching Daily candles...
  Got 31 Daily candles
Computing indicators...
  1H indicators: ['sma_7', 'sma_25', 'sma_99', 'ema_12', 'ema_26']...
  5m indicators: ['ema_12', 'ema_26', 'rsi_14', 'volume_ratio']
  Daily indicators: ['sma_20', 'sma_50', 'rsi_14']
Getting position and balance...
  Spot USDC: 26.260019
  Position: None
  Balance: {'equity': 26.260019, 'available': 26.260019, 'unrealized_pnl': 0.0, 'wallet_balance': 26.260019, 'spot_usdc': 26.260019, 'perp_equity': 0.0}
  Open orders: 0
Reading market data...
  Market data keys: ['timestamp', 'liquidations', 'options', 'btc_eth', 'dex_volume']...
Reading on-chain data...
  On-chain data keys: ['timestamp', 'block_range', 'stablecoin_exchange_flows', 'whale_transfers', 'gas']...
Reading protocol data...
  Protocol data keys: ['timestamp', 'block', 'aave', 'curve_3pool', 'uniswap']...
Reading news...
  Headlines: ['Political Risk as Tradable Asset', 'Yen Carry Trade Unwind Fuels Bitcoin Sell-Off', 'Bitdeer Sells All BTC, Zero Holdings']
Reading trade history...
  Recent trades: 3
  Trade streak: {'streak': 0, 'direction': 'none', 'recent_pnl': 0}
Written to /home/openclaw/.openclaw/workspace/projects/eth-engine/data/trading-context.json
Written to /home/openclaw/.openclaw/workspace/projects/eth-engine/data/position-state.json
=== Collection Complete ===
[2026-02-22 05:01:13] Brain prompt written to /home/openclaw/.openclaw/workspace/projects/eth-engine/data/brain-prompt.md
[2026-02-22 05:01:13] === Data Collection Complete, Ready for Brain ===
[2026-02-22 05:01:13] Decision received from brain
[2026-02-22 05:01:13] Converting decision to NOFX format...
============================================================
push-to-nofx.py - Converting MiniMax decision to NOFX format
============================================================

[1] Loading decision from /home/openclaw/.openclaw/workspace/projects/eth-engine/data/decision.json...
    Strategy: open_long
    Direction: long
    Size: $15
    Confidence: 60%

[2] Converting to hourly-plan.json format...
    Active coin: ETH
    Action: open_long
    Valid until: 2026-02-22T11:01:13.972775+00:00

[3] Converting to hourly-instruction.md...
    Instruction length: 1021 chars

[4] Writing files to host directory: /home/openclaw/.openclaw/workspace/projects/nofx-project/nofx/data/arena
    ✓ /home/openclaw/.openclaw/workspace/projects/nofx-project/nofx/data/arena/hourly-plan.json
    ✓ /home/openclaw/.openclaw/workspace/projects/nofx-project/nofx/data/arena/hourly-instruction.md

[5b] Copying brain decision for API...
    ⚠ Failed to copy brain decision: name 'shutil' is not defined

[6] Copying files to Docker container (nofx-trading)...
    ✓ Copied to Docker: /app/data/arena/hourly-plan.json
    ✓ Copied to Docker: /app/data/arena/hourly-instruction.md
    ✓ Copied to Docker: /app/data/arena/brain-decision.json

============================================================
✓ Conversion complete!
============================================================

Files created:
  - /home/openclaw/.openclaw/workspace/projects/nofx-project/nofx/data/arena/hourly-plan.json
  - /home/openclaw/.openclaw/workspace/projects/nofx-project/nofx/data/arena/hourly-instruction.md

Next: Fao will read these files and execute the trade.
[2026-02-22 05:01:14] === Trading Cycle Complete ===
[2026-02-22 05:01:14] Fao will now pick up the instructions and execute the trade.
[2026-02-22 05:01:14] Copying hourly-plan.json and hourly-instruction.md to Docker container...
[2026-02-22 05:01:14] Files copied to Docker container.
[2026-02-22 06:00:54] === Trading Cycle Start ===
[2026-02-22 06:00:54] Collecting trading context...
=== ETH Trading Context Collector ===
Fetching ETH price...
  ETH price: $1977.45
Fetching 1H candles...
  Got 201 1H candles
Fetching 5m candles...
  Got 121 5m candles
Fetching Daily candles...
  Got 31 Daily candles
Computing indicators...
  1H indicators: ['sma_7', 'sma_25', 'sma_99', 'ema_12', 'ema_26']...
  5m indicators: ['ema_12', 'ema_26', 'rsi_14', 'volume_ratio']
  Daily indicators: ['sma_20', 'sma_50', 'rsi_14']
Getting position and balance...
  Spot USDC: 26.260019
  Position: None
  Balance: {'equity': 26.260019, 'available': 26.260019, 'unrealized_pnl': 0.0, 'wallet_balance': 26.260019, 'spot_usdc': 26.260019, 'perp_equity': 0.0}
  Open orders: 0
Reading market data...
  Market data keys: ['timestamp', 'liquidations', 'options', 'btc_eth', 'dex_volume']...
Reading on-chain data...
  On-chain data keys: ['timestamp', 'block_range', 'stablecoin_exchange_flows', 'whale_transfers', 'gas']...
Reading protocol data...
  Protocol data keys: ['timestamp', 'block', 'aave', 'curve_3pool', 'uniswap']...
Reading news...
  Headlines: ['Supreme Court Ruling Boosts Bitcoin Liquidity', 'Political Risk as Tradable Asset', 'Yen Carry Trade Unwind Fuels Bitcoin Sell-Off']
Reading trade history...
  Recent trades: 3
  Trade streak: {'streak': 0, 'direction': 'none', 'recent_pnl': 0}
Written to /home/openclaw/.openclaw/workspace/projects/eth-engine/data/trading-context.json
Written to /home/openclaw/.openclaw/workspace/projects/eth-engine/data/position-state.json
=== Collection Complete ===
[2026-02-22 06:00:59] Brain prompt written to /home/openclaw/.openclaw/workspace/projects/eth-engine/data/brain-prompt.md
[2026-02-22 06:00:59] === Data Collection Complete, Ready for Brain ===
[2026-02-22 06:00:59] Decision received from brain
[2026-02-22 06:00:59] Converting decision to NOFX format...
============================================================
push-to-nofx.py - Converting MiniMax decision to NOFX format
============================================================

[1] Loading decision from /home/openclaw/.openclaw/workspace/projects/eth-engine/data/decision.json...
    Strategy: open_long
    Direction: long
    Size: $15
    Confidence: 60%

[2] Converting to hourly-plan.json format...
    Active coin: ETH
    Action: open_long
    Valid until: 2026-02-22T12:00:59.732010+00:00

[3] Converting to hourly-instruction.md...
    Instruction length: 1021 chars

[4] Writing files to host directory: /home/openclaw/.openclaw/workspace/projects/nofx-project/nofx/data/arena
    ✓ /home/openclaw/.openclaw/workspace/projects/nofx-project/nofx/data/arena/hourly-plan.json
    ✓ /home/openclaw/.openclaw/workspace/projects/nofx-project/nofx/data/arena/hourly-instruction.md

[5b] Copying brain decision for API...
    ⚠ Failed to copy brain decision: name 'shutil' is not defined

[6] Copying files to Docker container (nofx-trading)...
    ✓ Copied to Docker: /app/data/arena/hourly-plan.json
    ✓ Copied to Docker: /app/data/arena/hourly-instruction.md
    ✓ Copied to Docker: /app/data/arena/brain-decision.json

============================================================
✓ Conversion complete!
============================================================

Files created:
  - /home/openclaw/.openclaw/workspace/projects/nofx-project/nofx/data/arena/hourly-plan.json
  - /home/openclaw/.openclaw/workspace/projects/nofx-project/nofx/data/arena/hourly-instruction.md

Next: Fao will read these files and execute the trade.
[2026-02-22 06:00:59] === Trading Cycle Complete ===
[2026-02-22 06:00:59] Fao will now pick up the instructions and execute the trade.
[2026-02-22 06:00:59] Copying hourly-plan.json and hourly-instruction.md to Docker container...
[2026-02-22 06:00:59] Files copied to Docker container.
[2026-02-22 07:00:52] === Trading Cycle Start ===
[2026-02-22 07:00:52] Collecting trading context...
=== ETH Trading Context Collector ===
Fetching ETH price...
  ETH price: $1980.35
Fetching 1H candles...
  Got 201 1H candles
Fetching 5m candles...
  Got 121 5m candles
Fetching Daily candles...
  Got 31 Daily candles
Computing indicators...
  1H indicators: ['sma_7', 'sma_25', 'sma_99', 'ema_12', 'ema_26']...
  5m indicators: ['ema_12', 'ema_26', 'rsi_14', 'volume_ratio']
  Daily indicators: ['sma_20', 'sma_50', 'rsi_14']
Getting position and balance...
  Spot USDC: 26.260019
  Position: None
  Balance: {'equity': 26.260019, 'available': 26.260019, 'unrealized_pnl': 0.0, 'wallet_balance': 26.260019, 'spot_usdc': 26.260019, 'perp_equity': 0.0}
  Open orders: 0
Reading market data...
  Market data keys: ['timestamp', 'liquidations', 'options', 'btc_eth', 'dex_volume']...
Reading on-chain data...
  On-chain data keys: ['timestamp', 'block_range', 'stablecoin_exchange_flows', 'whale_transfers', 'gas']...
Reading protocol data...
  Protocol data keys: ['timestamp', 'block', 'aave', 'curve_3pool', 'uniswap']...
Reading news...
  Headlines: ['Supreme Court Ruling Boosts Bitcoin Liquidity', 'Political Risk as Tradable Asset', 'Yen Carry Trade Unwind Fuels Bitcoin Sell-Off']
Reading trade history...
  Recent trades: 3
  Trade streak: {'streak': 0, 'direction': 'none', 'recent_pnl': 0}
Written to /home/openclaw/.openclaw/workspace/projects/eth-engine/data/trading-context.json
Written to /home/openclaw/.openclaw/workspace/projects/eth-engine/data/position-state.json
=== Collection Complete ===
[2026-02-22 07:00:57] Brain prompt written to /home/openclaw/.openclaw/workspace/projects/eth-engine/data/brain-prompt.md
[2026-02-22 07:00:57] === Data Collection Complete, Ready for Brain ===
[2026-02-22 07:00:57] Decision received from brain
[2026-02-22 07:00:57] Converting decision to NOFX format...
============================================================
push-to-nofx.py - Converting MiniMax decision to NOFX format
============================================================

[1] Loading decision from /home/openclaw/.openclaw/workspace/projects/eth-engine/data/decision.json...
    Strategy: open_long
    Direction: long
    Size: $15
    Confidence: 60%

[2] Converting to hourly-plan.json format...
    Active coin: ETH
    Action: open_long
    Valid until: 2026-02-22T13:00:57.223113+00:00

[3] Converting to hourly-instruction.md...
    Instruction length: 1021 chars

[4] Writing files to host directory: /home/openclaw/.openclaw/workspace/projects/nofx-project/nofx/data/arena
    ✓ /home/openclaw/.openclaw/workspace/projects/nofx-project/nofx/data/arena/hourly-plan.json
    ✓ /home/openclaw/.openclaw/workspace/projects/nofx-project/nofx/data/arena/hourly-instruction.md

[5b] Copying brain decision for API...
    ⚠ Failed to copy brain decision: name 'shutil' is not defined

[6] Copying files to Docker container (nofx-trading)...
    ✓ Copied to Docker: /app/data/arena/hourly-plan.json
    ✓ Copied to Docker: /app/data/arena/hourly-instruction.md
    ✓ Copied to Docker: /app/data/arena/brain-decision.json

============================================================
✓ Conversion complete!
============================================================

Files created:
  - /home/openclaw/.openclaw/workspace/projects/nofx-project/nofx/data/arena/hourly-plan.json
  - /home/openclaw/.openclaw/workspace/projects/nofx-project/nofx/data/arena/hourly-instruction.md

Next: Fao will read these files and execute the trade.
[2026-02-22 07:00:57] === Trading Cycle Complete ===
[2026-02-22 07:00:57] Fao will now pick up the instructions and execute the trade.
[2026-02-22 07:00:57] Copying hourly-plan.json and hourly-instruction.md to Docker container...
[2026-02-22 07:00:57] Files copied to Docker container.
[2026-02-22 08:01:55] === Trading Cycle Start ===
[2026-02-22 08:01:55] Collecting trading context...
=== ETH Trading Context Collector ===
Fetching ETH price...
  ETH price: $1966.15
Fetching 1H candles...
  Got 201 1H candles
Fetching 5m candles...
  Got 121 5m candles
Fetching Daily candles...
  Got 31 Daily candles
Computing indicators...
  1H indicators: ['sma_7', 'sma_25', 'sma_99', 'ema_12', 'ema_26']...
  5m indicators: ['ema_12', 'ema_26', 'rsi_14', 'volume_ratio']
  Daily indicators: ['sma_20', 'sma_50', 'rsi_14']
Getting position and balance...
  Spot USDC: 26.260019
  Position: None
  Balance: {'equity': 26.260019, 'available': 26.260019, 'unrealized_pnl': 0.0, 'wallet_balance': 26.260019, 'spot_usdc': 26.260019, 'perp_equity': 0.0}
  Open orders: 0
Reading market data...
  Market data keys: ['timestamp', 'liquidations', 'options', 'btc_eth', 'dex_volume']...
Reading on-chain data...
  On-chain data keys: ['timestamp', 'block_range', 'stablecoin_exchange_flows', 'whale_transfers', 'gas']...
Reading protocol data...
  Protocol data keys: ['timestamp', 'block', 'aave', 'curve_3pool', 'uniswap']...
Reading news...
  Headlines: ['Supreme Court Ruling Boosts Bitcoin Liquidity', 'Political Risk as Tradable Asset', 'Yen Carry Trade Unwind Fuels Bitcoin Sell-Off']
Reading trade history...
  Recent trades: 3
  Trade streak: {'streak': 0, 'direction': 'none', 'recent_pnl': 0}
Written to /home/openclaw/.openclaw/workspace/projects/eth-engine/data/trading-context.json
Written to /home/openclaw/.openclaw/workspace/projects/eth-engine/data/position-state.json
=== Collection Complete ===
[2026-02-22 08:02:00] Brain prompt written to /home/openclaw/.openclaw/workspace/projects/eth-engine/data/brain-prompt.md
[2026-02-22 08:02:00] === Data Collection Complete, Ready for Brain ===
[2026-02-22 08:02:00] Decision received from brain
[2026-02-22 08:02:00] Converting decision to NOFX format...
============================================================
push-to-nofx.py - Converting MiniMax decision to NOFX format
============================================================

[1] Loading decision from /home/openclaw/.openclaw/workspace/projects/eth-engine/data/decision.json...
    Strategy: open_long
    Direction: long
    Size: $15
    Confidence: 60%

[2] Converting to hourly-plan.json format...
    Active coin: ETH
    Action: open_long
    Valid until: 2026-02-22T14:02:00.801361+00:00

[3] Converting to hourly-instruction.md...
    Instruction length: 1021 chars

[4] Writing files to host directory: /home/openclaw/.openclaw/workspace/projects/nofx-project/nofx/data/arena
    ✓ /home/openclaw/.openclaw/workspace/projects/nofx-project/nofx/data/arena/hourly-plan.json
    ✓ /home/openclaw/.openclaw/workspace/projects/nofx-project/nofx/data/arena/hourly-instruction.md

[5b] Copying brain decision for API...
    ⚠ Failed to copy brain decision: name 'shutil' is not defined

[6] Copying files to Docker container (nofx-trading)...
    ✓ Copied to Docker: /app/data/arena/hourly-plan.json
    ✓ Copied to Docker: /app/data/arena/hourly-instruction.md
    ✓ Copied to Docker: /app/data/arena/brain-decision.json

============================================================
✓ Conversion complete!
============================================================

Files created:
  - /home/openclaw/.openclaw/workspace/projects/nofx-project/nofx/data/arena/hourly-plan.json
  - /home/openclaw/.openclaw/workspace/projects/nofx-project/nofx/data/arena/hourly-instruction.md

Next: Fao will read these files and execute the trade.
[2026-02-22 08:02:00] === Trading Cycle Complete ===
[2026-02-22 08:02:00] Fao will now pick up the instructions and execute the trade.
[2026-02-22 08:02:00] Copying hourly-plan.json and hourly-instruction.md to Docker container...
[2026-02-22 08:02:00] Files copied to Docker container.
[2026-02-22 08:30:51] === Trading Cycle Start ===
[2026-02-22 08:30:51] Cycle ID: 2026-02-22T08-30
[2026-02-22 08:30:51] Step 1: Collecting trading context...
=== ETH Trading Context Collector ===
Fetching ETH price...
  ETH price: $1964.35
Fetching 1H candles...
  Got 201 1H candles
Fetching 5m candles...
  Got 121 5m candles
Fetching Daily candles...
  Got 31 Daily candles
Computing indicators...
  1H indicators: ['sma_7', 'sma_25', 'sma_99', 'ema_12', 'ema_26']...
  5m indicators: ['ema_12', 'ema_26', 'rsi_14', 'volume_ratio']
  Daily indicators: ['sma_20', 'sma_50', 'rsi_14']
Getting position and balance...
  Spot USDC: 26.225864
  Position: None
  Balance: {'equity': 26.225864, 'available': 26.225864, 'unrealized_pnl': 0.0, 'wallet_balance': 26.225864, 'spot_usdc': 26.225864, 'perp_equity': 0.0}
  Open orders: 0
Reading market data...
  Market data keys: ['timestamp', 'liquidations', 'options', 'btc_eth', 'dex_volume']...
Reading on-chain data...
  On-chain data keys: ['timestamp', 'block_range', 'stablecoin_exchange_flows', 'whale_transfers', 'gas']...
Reading protocol data...
  Protocol data keys: ['timestamp', 'block', 'aave', 'curve_3pool', 'uniswap']...
Reading news...
  Headlines: ['Supreme Court Ruling Boosts Bitcoin Liquidity', 'Political Risk as Tradable Asset', 'Yen Carry Trade Unwind Fuels Bitcoin Sell-Off']
Reading trade history...
  Recent trades: 3
  Trade streak: {'streak': 0, 'direction': 'none', 'recent_pnl': 0}
Written to /home/openclaw/.openclaw/workspace/projects/eth-engine/data/trading-context.json
Written to /home/openclaw/.openclaw/workspace/projects/eth-engine/data/position-state.json
=== Collection Complete ===
[2026-02-22 08:30:55] Step 2: Fetching position state from NOFX API...
[2026-02-22 08:30:56] Position state saved to cycle directory
[2026-02-22 08:30:56] Step 3: Reading collected data...
[2026-02-22 08:30:56] Warning: No on-chain data in arena
[2026-02-22 08:30:56] Warning: No market data in arena
[2026-02-22 08:30:56] News data found in arena
[2026-02-22 08:30:56] Step 4: Saving raw data to cycle directory...
[2026-02-22 08:30:56] Price data saved to cycle directory
[2026-02-22 08:30:56] Step 5: Building brain-prompt.md...
[2026-02-22 08:32:02] === Trading Cycle Start ===
[2026-02-22 08:32:02] Cycle ID: 2026-02-22T08-32
[2026-02-22 08:32:02] Step 1: Collecting trading context...
=== ETH Trading Context Collector ===
Fetching ETH price...
  ETH price: $1962.95
Fetching 1H candles...
  Got 201 1H candles
Fetching 5m candles...
  Got 121 5m candles
Fetching Daily candles...
  Got 31 Daily candles
Computing indicators...
  1H indicators: ['sma_7', 'sma_25', 'sma_99', 'ema_12', 'ema_26']...
  5m indicators: ['ema_12', 'ema_26', 'rsi_14', 'volume_ratio']
  Daily indicators: ['sma_20', 'sma_50', 'rsi_14']
Getting position and balance...
  Spot USDC: 26.225864
  Position: None
  Balance: {'equity': 26.225864, 'available': 26.225864, 'unrealized_pnl': 0.0, 'wallet_balance': 26.225864, 'spot_usdc': 26.225864, 'perp_equity': 0.0}
  Open orders: 0
Reading market data...
  Market data keys: ['timestamp', 'liquidations', 'options', 'btc_eth', 'dex_volume']...
Reading on-chain data...
  On-chain data keys: ['timestamp', 'block_range', 'stablecoin_exchange_flows', 'whale_transfers', 'gas']...
Reading protocol data...
  Protocol data keys: ['timestamp', 'block', 'aave', 'curve_3pool', 'uniswap']...
Reading news...
  Headlines: ['Supreme Court Ruling Boosts Bitcoin Liquidity', 'Political Risk as Tradable Asset', 'Yen Carry Trade Unwind Fuels Bitcoin Sell-Off']
Reading trade history...
  Recent trades: 3
  Trade streak: {'streak': 0, 'direction': 'none', 'recent_pnl': 0}
Written to /home/openclaw/.openclaw/workspace/projects/eth-engine/data/trading-context.json
Written to /home/openclaw/.openclaw/workspace/projects/eth-engine/data/position-state.json
=== Collection Complete ===
[2026-02-22 08:32:07] Step 2: Fetching position state from NOFX API...
[2026-02-22 08:32:08] Position state saved to cycle directory
[2026-02-22 08:32:08] Step 3: Reading collected data...
[2026-02-22 08:32:08] Warning: No on-chain data in arena
[2026-02-22 08:32:08] Warning: No market data in arena
[2026-02-22 08:32:08] News data found in arena
[2026-02-22 08:32:08] Step 4: Saving raw data to cycle directory...
[2026-02-22 08:32:08] Price data saved to cycle directory
[2026-02-22 08:32:08] Step 5: Building brain-prompt.md...
[2026-02-22 08:32:08] Brain prompt written to /home/openclaw/.openclaw/workspace/projects/eth-engine/data/brain-prompt.md
[2026-02-22 08:32:08] === Data Collection Complete ===
[2026-02-22 08:32:08] Ready for brain analysis. Brain should read: /home/openclaw/.openclaw/workspace/projects/eth-engine/data/brain-prompt.md
[2026-02-22 08:32:08] Brain should write decision to: /home/openclaw/.openclaw/workspace/projects/eth-engine/data/decision.json
[2026-02-22 08:32:08] After decision, run: bash /home/openclaw/.openclaw/workspace/projects/eth-engine/execute-decision.sh
[2026-02-22 08:32:21] === Execute Decision Start ===
[2026-02-22 08:32:21] Using cycle: 2026-02-22T08-32
[2026-02-22 08:32:21] Step 1: Converting decision to NOFX format...
============================================================
push-to-nofx.py - Converting MiniMax decision to NOFX format
============================================================

[1] Loading decision from /home/openclaw/.openclaw/workspace/projects/eth-engine/data/decision.json...
    Strategy: open_long
    Direction: long
    Size: $15
    Confidence: 60%

[2] Converting to hourly-plan.json format...
    Active coin: ETH
    Action: open_long
    Valid until: 2026-02-22T14:32:21.505980+00:00

[3] Converting to hourly-instruction.md...
    Instruction length: 1021 chars

[4] Writing files to host directory: /home/openclaw/.openclaw/workspace/projects/nofx-project/nofx/data/arena
    ✓ /home/openclaw/.openclaw/workspace/projects/nofx-project/nofx/data/arena/hourly-plan.json
    ✓ /home/openclaw/.openclaw/workspace/projects/nofx-project/nofx/data/arena/hourly-instruction.md

[5b] Copying brain decision for API...
    ⚠ Failed to copy brain decision: name 'shutil' is not defined

[6] Copying files to Docker container (nofx-trading)...
    ✓ Copied to Docker: /app/data/arena/hourly-plan.json
    ✓ Copied to Docker: /app/data/arena/hourly-instruction.md
    ✓ Copied to Docker: /app/data/arena/brain-decision.json

============================================================
✓ Conversion complete!
============================================================

Files created:
  - /home/openclaw/.openclaw/workspace/projects/nofx-project/nofx/data/arena/hourly-plan.json
  - /home/openclaw/.openclaw/workspace/projects/nofx-project/nofx/data/arena/hourly-instruction.md

Next: Fao will read these files and execute the trade.
[2026-02-22 08:32:21] Step 2: Copying files to arena...
[2026-02-22 08:32:21] Saved hourly-plan.json to cycle directory
[2026-02-22 08:32:21] Saved hourly-instruction.md to cycle directory
[2026-02-22 08:32:21] Step 3: Copying files to Docker container...
[2026-02-22 08:32:21] Files copied to Docker container
[2026-02-22 08:32:21] Step 4: Waiting 10 seconds for execution...
[2026-02-22 08:32:31] Step 5: Checking execution result...
[2026-02-22 08:32:31] Step 6: Building cycle summary...
[2026-02-22 08:32:32] Cycle summary written to /home/openclaw/.openclaw/workspace/projects/eth-engine/data/cycle-2026-02-22T08-32/cycle-summary.json
[2026-02-22 08:32:32] Analysis saved to cycle directory
[2026-02-22 08:32:32] Step 9: Updating cycles-history.json...
[2026-02-22 08:33:57] === Execute Decision Start ===
[2026-02-22 08:33:57] Using cycle: 2026-02-22T08-32
[2026-02-22 08:33:57] Step 1: Converting decision to NOFX format...
============================================================
push-to-nofx.py - Converting MiniMax decision to NOFX format
============================================================

[1] Loading decision from /home/openclaw/.openclaw/workspace/projects/eth-engine/data/decision.json...
    Strategy: open_long
    Direction: long
    Size: $15
    Confidence: 60%

[2] Converting to hourly-plan.json format...
    Active coin: ETH
    Action: open_long
    Valid until: 2026-02-22T14:33:57.089075+00:00

[3] Converting to hourly-instruction.md...
    Instruction length: 1021 chars

[4] Writing files to host directory: /home/openclaw/.openclaw/workspace/projects/nofx-project/nofx/data/arena
    ✓ /home/openclaw/.openclaw/workspace/projects/nofx-project/nofx/data/arena/hourly-plan.json
    ✓ /home/openclaw/.openclaw/workspace/projects/nofx-project/nofx/data/arena/hourly-instruction.md

[5b] Copying brain decision for API...
    ⚠ Failed to copy brain decision: name 'shutil' is not defined

[6] Copying files to Docker container (nofx-trading)...
    ✓ Copied to Docker: /app/data/arena/hourly-plan.json
    ✓ Copied to Docker: /app/data/arena/hourly-instruction.md
    ✓ Copied to Docker: /app/data/arena/brain-decision.json

============================================================
✓ Conversion complete!
============================================================

Files created:
  - /home/openclaw/.openclaw/workspace/projects/nofx-project/nofx/data/arena/hourly-plan.json
  - /home/openclaw/.openclaw/workspace/projects/nofx-project/nofx/data/arena/hourly-instruction.md

Next: Fao will read these files and execute the trade.
[2026-02-22 08:33:57] Step 2: Copying files to arena...
[2026-02-22 08:33:57] Saved hourly-plan.json to cycle directory
[2026-02-22 08:33:57] Saved hourly-instruction.md to cycle directory
[2026-02-22 08:33:57] Step 3: Copying files to Docker container...
[2026-02-22 08:33:57] Files copied to Docker container
[2026-02-22 08:33:57] Step 4: Waiting 10 seconds for execution...
[2026-02-22 08:34:07] Step 5: Checking execution result...
[2026-02-22 08:34:08] Step 6: Building cycle summary...
[2026-02-22 08:34:08] Cycle summary written to /home/openclaw/.openclaw/workspace/projects/eth-engine/data/cycle-2026-02-22T08-32/cycle-summary.json
[2026-02-22 08:34:08] Analysis saved to cycle directory
[2026-02-22 08:34:08] Step 9: Updating cycles-history.json...
[2026-02-22 08:34:08] === Execution Complete ===
[2026-02-22 08:34:08] Status: executed
[2026-02-22 08:34:08] Position size: 0 at $0
[2026-02-22 08:34:08] Unrealized PnL: $0
[2026-02-22 08:34:08] Balance: $0
[2026-02-22 08:34:20] === Trading Cycle Start ===
[2026-02-22 08:34:20] Cycle ID: 2026-02-22T08-34
[2026-02-22 08:34:20] Step 1: Collecting trading context...
=== ETH Trading Context Collector ===
Fetching ETH price...
  ETH price: $1960.15
Fetching 1H candles...
  Got 201 1H candles
Fetching 5m candles...
  Got 121 5m candles
Fetching Daily candles...
  Got 31 Daily candles
Computing indicators...
  1H indicators: ['sma_7', 'sma_25', 'sma_99', 'ema_12', 'ema_26']...
  5m indicators: ['ema_12', 'ema_26', 'rsi_14', 'volume_ratio']
  Daily indicators: ['sma_20', 'sma_50', 'rsi_14']
Getting position and balance...
  Spot USDC: 26.225864
  Position: None
  Balance: {'equity': 26.225864, 'available': 26.225864, 'unrealized_pnl': 0.0, 'wallet_balance': 26.225864, 'spot_usdc': 26.225864, 'perp_equity': 0.0}
  Open orders: 0
Reading market data...
  Market data keys: ['timestamp', 'liquidations', 'options', 'btc_eth', 'dex_volume']...
Reading on-chain data...
  On-chain data keys: ['timestamp', 'block_range', 'stablecoin_exchange_flows', 'whale_transfers', 'gas']...
Reading protocol data...
  Protocol data keys: ['timestamp', 'block', 'aave', 'curve_3pool', 'uniswap']...
Reading news...
  Headlines: ['Supreme Court Ruling Boosts Bitcoin Liquidity', 'Political Risk as Tradable Asset', 'Yen Carry Trade Unwind Fuels Bitcoin Sell-Off']
Reading trade history...
  Recent trades: 3
  Trade streak: {'streak': 0, 'direction': 'none', 'recent_pnl': 0}
Written to /home/openclaw/.openclaw/workspace/projects/eth-engine/data/trading-context.json
Written to /home/openclaw/.openclaw/workspace/projects/eth-engine/data/position-state.json
=== Collection Complete ===
[2026-02-22 08:34:25] Step 2: Fetching position state from NOFX API...
[2026-02-22 08:34:25] Position state saved to cycle directory
[2026-02-22 08:34:25] Step 3: Reading collected data...
[2026-02-22 08:34:25] Warning: No on-chain data in arena
[2026-02-22 08:34:25] Warning: No market data in arena
[2026-02-22 08:34:25] News data found in arena
[2026-02-22 08:34:25] Step 4: Saving raw data to cycle directory...
[2026-02-22 08:34:25] Price data saved to cycle directory
[2026-02-22 08:34:25] Step 5: Building brain-prompt.md...
[2026-02-22 08:34:25] Brain prompt written to /home/openclaw/.openclaw/workspace/projects/eth-engine/data/brain-prompt.md
[2026-02-22 08:34:25] === Data Collection Complete ===
[2026-02-22 08:34:25] Ready for brain analysis. Brain should read: /home/openclaw/.openclaw/workspace/projects/eth-engine/data/brain-prompt.md
[2026-02-22 08:34:25] Brain should write decision to: /home/openclaw/.openclaw/workspace/projects/eth-engine/data/decision.json
[2026-02-22 08:34:25] After decision, run: bash /home/openclaw/.openclaw/workspace/projects/eth-engine/execute-decision.sh
[2026-02-22 09:00:54] === Trading Cycle Start ===
[2026-02-22 09:00:54] Cycle ID: 2026-02-22T09-00
[2026-02-22 09:00:54] Step 1: Collecting trading context...
=== ETH Trading Context Collector ===
Fetching ETH price...
  ETH price: $1950.45
Fetching 1H candles...
  Got 201 1H candles
Fetching 5m candles...
  Got 121 5m candles
Fetching Daily candles...
  Got 31 Daily candles
Computing indicators...
  1H indicators: ['sma_7', 'sma_25', 'sma_99', 'ema_12', 'ema_26']...
  5m indicators: ['ema_12', 'ema_26', 'rsi_14', 'volume_ratio']
  Daily indicators: ['sma_20', 'sma_50', 'rsi_14']
Getting position and balance...
  Spot USDC: 26.080769
  Position: None
  Balance: {'equity': 26.080769, 'available': 26.080769, 'unrealized_pnl': 0.0, 'wallet_balance': 26.080769, 'spot_usdc': 26.080769, 'perp_equity': 0.0}
  Open orders: 0
Reading market data...
  Market data keys: ['timestamp', 'liquidations', 'options', 'btc_eth', 'dex_volume']...
Reading on-chain data...
  On-chain data keys: ['timestamp', 'block_range', 'stablecoin_exchange_flows', 'whale_transfers', 'gas']...
Reading protocol data...
  Protocol data keys: ['timestamp', 'block', 'aave', 'curve_3pool', 'uniswap']...
Reading news...
  Headlines: ['Supreme Court Ruling Boosts Bitcoin Liquidity', 'Political Risk as Tradable Asset', 'Yen Carry Trade Unwind Fuels Bitcoin Sell-Off']
Reading trade history...
  Recent trades: 3
  Trade streak: {'streak': 0, 'direction': 'none', 'recent_pnl': 0}
Written to /home/openclaw/.openclaw/workspace/projects/eth-engine/data/trading-context.json
Written to /home/openclaw/.openclaw/workspace/projects/eth-engine/data/position-state.json
=== Collection Complete ===
[2026-02-22 09:00:59] Step 2: Fetching position state from NOFX API...
[2026-02-22 09:00:59] Position state saved to cycle directory
[2026-02-22 09:01:00] Step 3: Reading collected data...
[2026-02-22 09:01:00] Warning: No on-chain data in arena
[2026-02-22 09:01:00] Warning: No market data in arena
[2026-02-22 09:01:00] News data found in arena
[2026-02-22 09:01:00] Step 4: Saving raw data to cycle directory...
[2026-02-22 09:01:00] Price data saved to cycle directory
[2026-02-22 09:01:00] Step 5: Building brain-prompt.md...
[2026-02-22 09:01:00] Brain prompt written to /home/openclaw/.openclaw/workspace/projects/eth-engine/data/brain-prompt.md
[2026-02-22 09:01:00] === Data Collection Complete ===
[2026-02-22 09:01:00] Ready for brain analysis. Brain should read: /home/openclaw/.openclaw/workspace/projects/eth-engine/data/brain-prompt.md
[2026-02-22 09:01:00] Brain should write decision to: /home/openclaw/.openclaw/workspace/projects/eth-engine/data/decision.json
[2026-02-22 09:01:00] After decision, run: bash /home/openclaw/.openclaw/workspace/projects/eth-engine/execute-decision.sh
