Found 197 chapters to process
Output directory: /home/openclaw/.openclaw/workspace/projects/awakening-fiction/audiobook-simple
Voice: zh-CN-XiaoxiaoNeural, Rate: +10%

[1/197] chapter-001.md - generating...
         Done! (1218 KB)
[2/197] chapter-002.md - generating...
         Done! (1596 KB)
[3/197] chapter-003.md - generating...
         Done! (1505 KB)
[4/197] chapter-004.md - generating...
         Done! (1287 KB)
[5/197] chapter-005.md - generating...
         Done! (1622 KB)
[6/197] chapter-006.md - generating...
         Done! (1022 KB)
[7/197] chapter-007.md - generating...
         Done! (1273 KB)
[8/197] chapter-008.md - generating...
         Done! (1612 KB)
[9/197] chapter-009.md - generating...
         Done! (1637 KB)
[10/197] chapter-010.md - generating...
         Done! (1602 KB)
[11/197] chapter-011.md - generating...
         Done! (1244 KB)
[12/197] chapter-012.md - generating...
         Done! (1612 KB)
[13/197] chapter-013.md - generating...
         Done! (1609 KB)
[14/197] chapter-014.md - generating...
         Done! (834 KB)
[15/197] chapter-015.md - generating...
         Done! (1518 KB)
[16/197] chapter-016.md - generating...
         Done! (1561 KB)
[17/197] chapter-017.md - generating...
         Done! (1423 KB)
[18/197] chapter-018.md - generating...
         Done! (1383 KB)
[19/197] chapter-019.md - generating...
         Done! (1561 KB)
[20/197] chapter-020.md - generating...
         Done! (1471 KB)
[21/197] chapter-021.md - generating...
         Done! (1483 KB)
[22/197] chapter-022.md - generating...
         Done! (1439 KB)
[23/197] chapter-023.md - generating...
         Done! (1502 KB)
[24/197] chapter-024.md - generating...
         Done! (1259 KB)
[25/197] chapter-025.md - generating...
         Done! (895 KB)
[26/197] chapter-026.md - generating...
         Done! (1047 KB)
[27/197] chapter-027.md - generating...
         Done! (1227 KB)
[28/197] chapter-028.md - generating...
         Done! (1051 KB)
[29/197] chapter-029.md - generating...
         Done! (1483 KB)
[30/197] chapter-030.md - generating...
         Done! (878 KB)
[31/197] chapter-031.md - generating...
         Done! (1561 KB)
[32/197] chapter-032.md - generating...
         Done! (1485 KB)
[33/197] chapter-033.md - generating...
         Done! (835 KB)
[34/197] chapter-034.md - generating...
         Done! (1189 KB)
[35/197] chapter-035.md - generating...
         Done! (1499 KB)
[36/197] chapter-036.md - generating...
         Done! (1367 KB)
[37/197] chapter-037.md - generating...
         Done! (1150 KB)
[38/197] chapter-038.md - generating...
         Done! (1520 KB)
[39/197] chapter-039.md - generating...
         Done! (1484 KB)
[40/197] chapter-040.md - generating...
         Done! (1505 KB)
[41/197] chapter-041.md - generating...
         Done! (1432 KB)
[42/197] chapter-042.md - generating...
         Done! (1238 KB)
[43/197] chapter-043.md - generating...
         Done! (1507 KB)
[44/197] chapter-044.md - generating...
         Done! (1447 KB)
[45/197] chapter-045.md - generating...
         Done! (1215 KB)
[46/197] chapter-046.md - generating...
         Done! (1471 KB)
[47/197] chapter-047.md - generating...
         Done! (1555 KB)
[48/197] chapter-048.md - generating...
         Done! (1037 KB)
[49/197] chapter-049.md - generating...
         Done! (885 KB)
[50/197] chapter-050.md - generating...
         Done! (1343 KB)
[51/197] chapter-051.md - generating...
         Done! (1040 KB)
[52/197] chapter-052.md - generating...
         Done! (1457 KB)
[53/197] chapter-053.md - generating...
         Done! (1504 KB)
[54/197] chapter-054.md - generating...
         Done! (938 KB)
[55/197] chapter-055.md - generating...
         Done! (992 KB)
[56/197] chapter-056.md - generating...
         Done! (1594 KB)
[57/197] chapter-057.md - generating...
         Done! (1559 KB)
[58/197] chapter-058.md - generating...
         Done! (1425 KB)
[59/197] chapter-059.md - generating...
         Done! (1533 KB)
[60/197] chapter-060.md - generating...
         Done! (1546 KB)
[61/197] chapter-061.md - generating...
         Done! (1581 KB)
[62/197] chapter-062.md - generating...
         Done! (1507 KB)
[63/197] chapter-063.md - generating...
         Done! (1561 KB)
[64/197] chapter-064.md - generating...
         Done! (1503 KB)
[65/197] chapter-065.md - generating...
         Done! (1516 KB)
[66/197] chapter-066.md - generating...
         Done! (1432 KB)
[67/197] chapter-067.md - generating...
         Done! (1501 KB)
[68/197] chapter-068.md - generating...
         Done! (1590 KB)
[69/197] chapter-069.md - generating...
         Done! (1474 KB)
[70/197] chapter-070.md - generating...
         Done! (1515 KB)
[71/197] chapter-071.md - generating...
         Done! (1244 KB)
[72/197] chapter-072.md - generating...
         Done! (1523 KB)
[73/197] chapter-073.md - generating...
         Done! (1516 KB)
[74/197] chapter-074.md - generating...
         Done! (1550 KB)
[75/197] chapter-075.md - generating...
         Done! (1579 KB)
[76/197] chapter-076.md - generating...
         Done! (1568 KB)
[77/197] chapter-077.md - generating...
         Done! (1576 KB)
[78/197] chapter-078.md - generating...
         Done! (1517 KB)
[79/197] chapter-079.md - generating...
         Done! (1581 KB)
[80/197] chapter-080.md - generating...
         Done! (1546 KB)
[81/197] chapter-081.md - generating...
         Done! (1593 KB)
[82/197] chapter-082.md - generating...
         Done! (1513 KB)
[83/197] chapter-083.md - generating...
         Done! (1578 KB)
[84/197] chapter-084.md - generating...
         Done! (1471 KB)
[85/197] chapter-085.md - generating...
         Done! (1561 KB)
[86/197] chapter-086.md - generating...
         Done! (1553 KB)
[87/197] chapter-087.md - generating...
         Done! (1541 KB)
[88/197] chapter-088.md - generating...
         Done! (1568 KB)
[89/197] chapter-089.md - generating...
         Done! (1587 KB)
[90/197] chapter-090.md - generating...
         Done! (1454 KB)
[91/197] chapter-091.md - generating...
         Done! (1538 KB)
[92/197] chapter-092.md - generating...
         Done! (1545 KB)
[93/197] chapter-093.md - generating...
         Done! (1452 KB)
[94/197] chapter-094.md - generating...
         Done! (1521 KB)
[95/197] chapter-095.md - generating...
         Done! (1499 KB)
[96/197] chapter-096.md - generating...
         Done! (1513 KB)
[97/197] chapter-097.md - generating...
         Done! (1519 KB)
[98/197] chapter-098.md - generating...
         Done! (1478 KB)
[99/197] chapter-099.md - generating...
         Done! (1536 KB)
[100/197] chapter-100.md - generating...
         Done! (1506 KB)
[101/197] chapter-101.md - generating...
         Done! (1540 KB)
[102/197] chapter-102.md - generating...
         Done! (1549 KB)
[103/197] chapter-103.md - generating...
         Done! (1567 KB)
[104/197] chapter-104.md - generating...
         Done! (1480 KB)
[105/197] chapter-105.md - generating...
         Done! (963 KB)
[106/197] chapter-106.md - generating...
         Done! (1548 KB)
[107/197] chapter-107.md - generating...
         Done! (1517 KB)
[108/197] chapter-108.md - generating...
         Done! (1475 KB)
[109/197] chapter-109.md - generating...
         Done! (1602 KB)
[110/197] chapter-110.md - generating...
         Done! (1166 KB)
[111/197] chapter-111.md - generating...
         Done! (1571 KB)
[112/197] chapter-112.md - generating...
         Done! (1599 KB)
[113/197] chapter-113.md - generating...
         Done! (1484 KB)
[114/197] chapter-114.md - generating...
         Done! (1505 KB)
[115/197] chapter-115.md - generating...
         Done! (1531 KB)
[116/197] chapter-116.md - generating...
         Done! (1395 KB)
[117/197] chapter-117.md - generating...
         Done! (1502 KB)
[118/197] chapter-118.md - generating...
         Done! (1608 KB)
[119/197] chapter-119.md - generating...
         Done! (1050 KB)
[120/197] chapter-120.md - generating...
         Done! (1574 KB)
[121/197] chapter-121.md - generating...
         Done! (1282 KB)
[122/197] chapter-122.md - generating...
         Done! (1583 KB)
[123/197] chapter-123.md - generating...
         Done! (869 KB)
[124/197] chapter-124.md - generating...
         Done! (1273 KB)
[125/197] chapter-125.md - generating...
         Done! (1476 KB)
[126/197] chapter-126.md - generating...
         Done! (1481 KB)
[127/197] chapter-127.md - generating...
         Done! (1468 KB)
[128/197] chapter-128.md - generating...
         Done! (1547 KB)
[129/197] chapter-129.md - generating...
         Done! (1285 KB)
[130/197] chapter-130.md - generating...
         Done! (1577 KB)
[131/197] chapter-131.md - generating...
         Done! (1493 KB)
[132/197] chapter-132.md - generating...
         Done! (1563 KB)
[133/197] chapter-133.md - generating...
         Done! (1300 KB)
[134/197] chapter-134.md - generating...
         Done! (1588 KB)
[135/197] chapter-135.md - generating...
         Done! (1573 KB)
[136/197] chapter-136.md - generating...
         Done! (1498 KB)
[137/197] chapter-137.md - generating...
         Done! (1313 KB)
[138/197] chapter-138.md - generating...
         Done! (1613 KB)
[139/197] chapter-139.md - generating...
         Done! (1573 KB)
[140/197] chapter-140.md - generating...
         Done! (1549 KB)
[141/197] chapter-141.md - generating...
         Done! (1534 KB)
[142/197] chapter-142.md - generating...
         Done! (1497 KB)
[143/197] chapter-143.md - generating...
         Done! (1612 KB)
[144/197] chapter-144.md - generating...
         Done! (1538 KB)
[145/197] chapter-145.md - generating...
         Done! (1544 KB)
[146/197] chapter-146.md - generating...
         Done! (1607 KB)
[147/197] chapter-147.md - generating...
         Done! (1263 KB)
[148/197] chapter-148.md - generating...
         Done! (1516 KB)
[149/197] chapter-149.md - generating...
         Done! (1483 KB)
[150/197] chapter-150.md - generating...
         Done! (1533 KB)
[151/197] chapter-151.md - generating...
         Done! (1504 KB)
[152/197] chapter-152.md - generating...
         Done! (885 KB)
[153/197] chapter-153.md - generating...
         Done! (1062 KB)
[154/197] chapter-154.md - generating...
         Done! (1490 KB)
[155/197] chapter-155.md - generating...
         Done! (1129 KB)
[156/197] chapter-156.md - generating...
         Done! (1556 KB)
[157/197] chapter-157.md - generating...
         Done! (1203 KB)
[158/197] chapter-158.md - generating...
         Done! (1054 KB)
[159/197] chapter-159.md - generating...
         Done! (1502 KB)
[160/197] chapter-160.md - generating...
         Done! (879 KB)
[161/197] chapter-161.md - generating...
         Done! (1502 KB)
[162/197] chapter-162.md - generating...
         Done! (1478 KB)
[163/197] chapter-163.md - generating...
         Done! (1230 KB)
[164/197] chapter-164.md - generating...
         Done! (1462 KB)
[165/197] chapter-165.md - generating...
         Done! (1598 KB)
[166/197] chapter-166.md - generating...
         Done! (912 KB)
[167/197] chapter-167.md - generating...
         Done! (1553 KB)
[168/197] chapter-168.md - generating...
         Done! (1537 KB)
[169/197] chapter-169.md - generating...
         Done! (942 KB)
[170/197] chapter-170.md - generating...
         Done! (1477 KB)
[171/197] chapter-171.md - generating...
         Done! (1476 KB)
[172/197] chapter-172.md - generating...
         Done! (1155 KB)
[173/197] chapter-173.md - generating...
         Done! (1495 KB)
[174/197] chapter-174.md - generating...
         Done! (1523 KB)
[175/197] chapter-175.md - generating...
         Done! (1397 KB)
[176/197] chapter-176.md - generating...
         Done! (1570 KB)
[177/197] chapter-177.md - generating...
         Done! (1328 KB)
[178/197] chapter-178.md - generating...
         Done! (1257 KB)
[179/197] chapter-179.md - generating...
         Done! (1499 KB)
[180/197] chapter-180.md - generating...
         Done! (1417 KB)
[181/197] chapter-181.md - generating...
         Done! (1524 KB)
[182/197] chapter-182.md - generating...
         Done! (1465 KB)
[183/197] chapter-183.md - generating...
         Done! (1541 KB)
[184/197] chapter-184.md - generating...
         Done! (1591 KB)
[185/197] chapter-185.md - generating...
         Done! (1457 KB)
[186/197] chapter-186.md - generating...
         Done! (1040 KB)
[187/197] chapter-187.md - generating...
         Done! (1529 KB)
[188/197] chapter-188.md - generating...
         Done! (1062 KB)
[189/197] chapter-189.md - generating...
         Done! (1566 KB)
[190/197] chapter-190.md - generating...
         Done! (1570 KB)
[191/197] chapter-191.md - generating...
         Done! (924 KB)
[192/197] chapter-192.md - generating...
         Done! (1558 KB)
[193/197] chapter-193.md - generating...
         Done! (1499 KB)
[194/197] chapter-194.md - generating...
         Done! (1196 KB)
[195/197] chapter-195.md - generating...
         Done! (1591 KB)
[196/197] chapter-196.md - generating...
         Done! (1527 KB)
[197/197] chapter-197.md - generating...
         Done! (1186 KB)

Completed! Audio files in /home/openclaw/.openclaw/workspace/projects/awakening-fiction/audiobook-simple
